

[rlwrap] Mon Jan 18 19:03:30 2016

rlwrap: error: Cannot execute .:lib/junit-4.12.jar:lib/hamcrest-core-1.3.jar:test/:src/:bin/: No such file or directory


[rlwrap] Mon Jan 18 19:04:34 2016

rlwrap: error: Cannot execute .:lib/junit-4.12.jar:lib/hamcrest-core-1.3.jar:test/:src/:bin/: No such file or directory


[rlwrap] Mon Jan 18 19:06:47 2016

rlwrap: error: Cannot execute .:lib/junit-4.12.jar:lib/hamcrest-core-1.3.jar:test/:src/:bin/: No such file or directory
